<?xml version="1.0" encoding="UTF-8"?>
<!-- Generated by org.testng.reporters.JUnitReportReporter -->
<testsuite hostname="LAPTOP-OP1USA29" failures="0" tests="2" name="JavaStreams.WithoutStrems" time="0.013" errors="0" timestamp="2024-04-04T13:58:45 IST" skipped="0">
  <testcase classname="JavaStreams.WithoutStrems" name="Strems" time="0.003"/>
  <testcase classname="JavaStreams.WithoutStrems" name="Regular" time="0.010"/>
</testsuite> <!-- JavaStreams.WithoutStrems -->
