<?xml version="1.0" encoding="UTF-8"?>
<!-- Generated by org.testng.reporters.JUnitReportReporter -->
<testsuite hostname="LAPTOP-OP1USA29" failures="0" tests="3" name="JavaStreams.Strems" time="0.016" errors="0" timestamp="2024-04-04T15:24:13 IST" skipped="0">
  <testcase classname="JavaStreams.Strems" name="Regular" time="0.011"/>
  <testcase classname="JavaStreams.Strems" name="Streams" time="0.001"/>
  <testcase classname="JavaStreams.Strems" name="StreamList" time="0.004"/>
</testsuite> <!-- JavaStreams.Strems -->
