<?xml version="1.0" encoding="UTF-8"?>
<!-- Generated by org.testng.reporters.JUnitReportReporter -->
<testsuite hostname="LAPTOP-OP1USA29" failures="0" tests="1" name="JavaStreams.StremMaps" time="0.012" errors="0" timestamp="2024-04-04T16:31:05 IST" skipped="0">
  <testcase classname="JavaStreams.StremMaps" name="streamCollect" time="0.012"/>
</testsuite> <!-- JavaStreams.StremMaps -->
